Drill report for /home/anton/Documents/kicad/IQ_Modulator/vhf_uhf_IQ_Modulator_V4.kicad_pcb
Created on Wed 01 Aug 2018 14:15:50 SAST

Copper Layer Stackup:
    =============================================================
    L1 :  F.Cu                      front
    L2 :  B.Cu                      back


Drill file 'vhf_uhf_IQ_Modulator_V4.drl' contains
    plated through holes:
    =============================================================
    T1  0.30mm  0.012"  (4 holes)
    T2  0.40mm  0.016"  (101 holes)
    T3  0.45mm  0.018"  (5 holes)
    T4  0.46mm  0.018"  (2 holes)
    T5  0.76mm  0.030"  (42 holes)
    T6  1.00mm  0.039"  (11 holes)
    T7  3.00mm  0.118"  (4 holes)

    Total plated holes count 169


Not plated through holes are merged with plated holes
    unplated through holes:
    =============================================================

    Total unplated holes count 0
